<?xml version="1.0" encoding="UTF-8"?>
<testsuite name="myname.AppTest" tests="1" skipped="0" failures="0" errors="0" timestamp="2023-06-26T22:50:19" hostname="DESKTOP-Q840569" time="0.004">
  <properties/>
  <testcase name="appHasAGreeting" classname="myname.AppTest" time="0.004"/>
  <system-out><![CDATA[]]></system-out>
  <system-err><![CDATA[]]></system-err>
</testsuite>
